<?xml version="1.0" encoding="UTF-8"?>
<!-- Generated by org.testng.reporters.JUnitReportReporter -->
<testsuite hostname="LIN35006743" name="example.NewTest" tests="1" failures="0" timestamp="31 Dec 2018 12:59:42 GMT" time="9.804" errors="0">
  <testcase name="testEasy" time="9.804" classname="example.NewTest"/>
</testsuite> <!-- example.NewTest -->
