<?xml version="1.0" encoding="UTF-8"?>
<!-- Generated by org.testng.reporters.JUnitReportReporter -->
<testsuite hostname="LIN35006743" name="example.NewTest" tests="1" failures="0" timestamp="30 Jan 2019 10:30:58 GMT" time="8.578" errors="0">
  <testcase name="testEasy" time="8.578" classname="example.NewTest"/>
</testsuite> <!-- example.NewTest -->
